<?xml version="1.0" encoding="UTF-8"?>
<!-- Generated by org.testng.reporters.JUnitReportReporter -->
<testsuite hostname="ashutosh" failures="0" tests="1" name="third.First" time="0.012" errors="0" timestamp="2023-08-02T11:26:50 IST" skipped="0">
  <testcase classname="third.First" name="createUser" time="0.012"/>
</testsuite> <!-- third.First -->
