<?xml version="1.0" encoding="UTF-8"?>
<!-- Generated by org.testng.reporters.JUnitReportReporter -->
<testsuite hostname="ashutosh" failures="0" tests="2" name="actiTimeApplication.testScript.DemoTesting" time="14.804" errors="0" timestamp="2023-09-28T18:51:51 IST" skipped="0">
  <testcase classname="actiTimeApplication.testScript.DemoTesting" name="login" time="7.798"/>
  <testcase classname="actiTimeApplication.testScript.DemoTesting" name="login" time="7.006"/>
</testsuite> <!-- actiTimeApplication.testScript.DemoTesting -->
