<?xml version="1.0" encoding="UTF-8"?>
<!-- Generated by org.testng.reporters.JUnitReportReporter -->
<testsuite hostname="ashutosh" failures="0" tests="1" name="actiTimeApplication.testScript.CreateCustomer1" time="15.915" errors="0" timestamp="2023-08-04T17:21:57 IST" skipped="0">
  <testcase classname="actiTimeApplication.testScript.CreateCustomer1" name="createCustomer" time="15.915"/>
</testsuite> <!-- actiTimeApplication.testScript.CreateCustomer1 -->
