<?xml version="1.0" encoding="UTF-8"?>
<!-- Generated by org.testng.reporters.JUnitReportReporter -->
<testsuite hostname="ashutosh" failures="0" tests="1" name="actiTimeApplication.testScript.CreateCustomer2" time="12.231" errors="0" timestamp="2023-08-03T18:47:10 IST" skipped="0">
  <testcase classname="actiTimeApplication.testScript.CreateCustomer2" name="customerCreation" time="12.231"/>
</testsuite> <!-- actiTimeApplication.testScript.CreateCustomer2 -->
